TN:
SF:src/DBXenGame.sol
FN:154,XenGame.buyWithReferral
FNDA:38,XenGame.buyWithReferral
DA:155,38
DA:158,38
DA:159,38
DA:161,38
DA:164,38
BRDA:164,0,0,36
BRDA:164,0,1,38
DA:166,36
DA:168,36
DA:170,36
DA:174,38
DA:176,38
BRDA:176,1,0,4
BRDA:176,1,1,38
DA:178,38
DA:181,38
DA:182,38
DA:184,38
BRDA:184,2,0,4
BRDA:184,2,1,38
DA:186,4
DA:189,38
DA:193,38
BRDA:193,3,0,23
BRDA:193,3,1,15
DA:194,23
DA:196,15
DA:200,35
FN:208,XenGame.buyCore
FNDA:16,XenGame.buyCore
DA:210,16
BRDA:210,4,0,1
BRDA:210,4,1,15
DA:212,15
DA:213,15
DA:216,15
BRDA:216,5,0,1
BRDA:216,5,1,1
DA:218,2
BRDA:218,6,0,1
BRDA:218,6,1,1
DA:219,1
DA:220,1
DA:221,1
DA:224,1
DA:225,1
DA:226,1
DA:227,1
DA:231,13
BRDA:231,7,0,11
BRDA:231,7,1,12
DA:232,13
BRDA:232,8,0,1
BRDA:232,8,1,12
DA:234,1
DA:235,12
BRDA:235,9,0,11
BRDA:235,9,1,12
DA:238,12
BRDA:238,10,0,9
BRDA:238,10,1,12
DA:239,9
DA:240,9
DA:245,12
DA:249,12
DA:252,12
BRDA:252,11,0,11
BRDA:252,11,1,12
DA:253,11
DA:257,12
DA:260,12
DA:263,12
FN:273,XenGame.buyCoreWithKeys
FNDA:23,XenGame.buyCoreWithKeys
DA:275,23
BRDA:275,12,0,1
BRDA:275,12,1,22
DA:277,22
DA:278,22
DA:280,22
BRDA:280,13,0,1
BRDA:280,13,1,1
DA:282,2
BRDA:282,14,0,1
BRDA:282,14,1,1
DA:283,1
DA:284,1
DA:285,1
DA:289,1
DA:290,1
DA:291,1
DA:292,1
DA:295,20
BRDA:295,15,0,6
BRDA:295,15,1,6
DA:297,20
BRDA:297,16,0,13
BRDA:297,16,1,7
DA:299,13
DA:300,7
BRDA:300,17,0,6
BRDA:300,17,1,6
DA:302,7
BRDA:302,18,0,3
BRDA:302,18,1,7
DA:303,3
DA:304,3
DA:310,7
DA:311,7
BRDA:311,19,0,1
BRDA:311,19,1,6
DA:315,6
DA:318,6
BRDA:318,20,0,6
BRDA:318,20,1,6
DA:319,6
DA:323,6
DA:326,6
DA:329,6
FN:339,XenGame.buyKeysWithRewards
FNDA:3,XenGame.buyKeysWithRewards
DA:341,3
BRDA:341,21,0,1
BRDA:341,21,1,2
DA:343,2
DA:346,2
DA:349,2
DA:355,2
DA:358,2
DA:360,2
BRDA:360,22,0,1
BRDA:360,22,1,1
DA:363,1
DA:366,1
DA:369,1
BRDA:369,23,0,-
BRDA:369,23,1,1
DA:371,1
DA:375,1
DA:377,1
DA:379,1
DA:381,1
BRDA:381,24,0,-
BRDA:381,24,1,1
DA:383,1
DA:386,1
DA:387,1
DA:389,1
BRDA:389,25,0,-
BRDA:389,25,1,1
DA:391,0
DA:394,1
DA:400,1
FN:407,XenGame.buyCoreEarly
FNDA:14,XenGame.buyCoreEarly
DA:411,14
DA:414,14
BRDA:414,26,0,14
BRDA:414,26,1,14
DA:415,14
DA:419,14
DA:422,14
DA:425,14
DA:428,14
DA:431,14
FN:436,XenGame.
FNDA:0,XenGame.
DA:439,0
BRDA:439,27,0,-
BRDA:439,27,1,-
DA:440,0
DA:441,0
DA:445,0
FN:466,XenGame.isRoundActive
FNDA:0,XenGame.isRoundActive
DA:467,75
DA:468,75
FN:475,XenGame.isRoundEnded
FNDA:0,XenGame.isRoundEnded
DA:476,43
DA:477,43
FN:484,XenGame.updateTotalKeysForRound
FNDA:12,XenGame.updateTotalKeysForRound
DA:486,12
BRDA:486,28,0,12
BRDA:486,28,1,-
DA:488,12
DA:493,0
FN:500,XenGame.finalizeEarlyBuyinPeriod
FNDA:12,XenGame.finalizeEarlyBuyinPeriod
DA:502,12
DA:504,12
DA:507,12
BRDA:507,29,0,12
BRDA:507,29,1,-
DA:508,12
DA:510,0
DA:516,12
FN:525,XenGame.calculateMaxKeysToPurchase
FNDA:0,XenGame.calculateMaxKeysToPurchase
DA:527,13
DA:530,13
BRDA:530,30,0,-
BRDA:530,30,1,13
DA:531,0
DA:536,13
DA:537,13
DA:540,13
DA:543,191
DA:545,189
DA:548,189
DA:550,189
DA:553,189
BRDA:553,31,0,189
BRDA:553,31,1,189
DA:555,189
DA:561,189
BRDA:561,32,0,11
BRDA:561,32,1,178
DA:562,11
DA:563,11
DA:564,178
BRDA:564,33,0,72
BRDA:564,33,1,106
DA:565,72
DA:567,106
DA:572,13
BRDA:572,34,0,2
BRDA:572,34,1,13
DA:573,2
DA:577,13
DA:580,13
FN:588,XenGame.calculatePriceForKeys
FNDA:0,XenGame.calculatePriceForKeys
DA:589,398
DA:590,398
DA:593,398
BRDA:593,35,0,-
BRDA:593,35,1,398
DA:594,0
DA:596,398
DA:597,398
DA:600,398
FN:608,XenGame.processKeyPurchase
FNDA:18,XenGame.processKeyPurchase
DA:610,18
BRDA:610,36,0,-
BRDA:610,36,1,18
DA:611,18
BRDA:611,37,0,-
BRDA:611,37,1,18
DA:614,18
DA:615,18
DA:618,18
DA:621,18
DA:624,18
DA:627,18
DA:628,18
DA:629,18
DA:632,18
DA:635,18
DA:637,18
BRDA:637,38,0,11
BRDA:637,38,1,18
DA:638,11
DA:641,18
FN:649,XenGame.BurnKeys
FNDA:3,XenGame.BurnKeys
DA:652,3
BRDA:652,39,0,3
BRDA:652,39,1,3
DA:653,3
DA:656,3
DA:659,3
DA:660,3
DA:661,3
DA:664,3
FN:671,XenGame.checkForEarlyKeys
FNDA:23,XenGame.checkForEarlyKeys
DA:674,23
BRDA:674,40,0,4
BRDA:674,40,1,23
DA:677,4
DA:678,4
DA:679,4
DA:682,4
DA:685,4
FN:693,XenGame.adjustRoundEndTime
FNDA:18,XenGame.adjustRoundEndTime
DA:695,18
DA:698,18
DA:701,18
FN:708,XenGame.getKeyPrice
FNDA:0,XenGame.getKeyPrice
DA:709,411
DA:712,411
DA:715,411
BRDA:715,41,0,-
BRDA:715,41,1,411
DA:716,0
DA:718,411
FN:728,XenGame.updateRoundRatio
FNDA:18,XenGame.updateRoundRatio
DA:731,18
FN:738,XenGame.distributeFunds
FNDA:18,XenGame.distributeFunds
DA:740,18
DA:741,18
DA:744,18
BRDA:744,42,0,18
BRDA:744,42,1,18
DA:745,18
DA:749,18
DA:750,18
DA:753,18
DA:756,18
DA:759,18
DA:762,18
DA:765,18
DA:768,18
DA:771,18
DA:774,18
FN:783,XenGame.registerPlayerName
FNDA:0,XenGame.registerPlayerName
DA:785,0
BRDA:785,43,0,-
BRDA:785,43,1,-
DA:788,0
DA:790,0
FN:798,XenGame.registerNFT
FNDA:0,XenGame.registerNFT
DA:800,0
BRDA:800,44,0,-
BRDA:800,44,1,-
DA:803,0
FN:810,XenGame.processRewards
FNDA:18,XenGame.processRewards
DA:812,18
DA:815,18
DA:818,18
BRDA:818,45,0,1
BRDA:818,45,1,18
DA:820,1
DA:826,1
DA:829,1
FN:837,XenGame.withdrawRewards
FNDA:3,XenGame.withdrawRewards
DA:840,3
DA:843,3
DA:846,3
DA:849,3
DA:855,3
DA:858,3
DA:861,3
DA:864,3
BRDA:864,46,0,3
BRDA:864,46,1,3
DA:865,3
DA:870,3
BRDA:870,47,0,-
BRDA:870,47,1,3
DA:872,3
DA:874,3
FN:880,XenGame.withdrawReferralRewards
FNDA:3,XenGame.withdrawReferralRewards
DA:883,3
DA:884,3
BRDA:884,48,0,-
BRDA:884,48,1,3
DA:887,3
DA:888,3
BRDA:888,49,0,-
BRDA:888,49,1,3
DA:891,3
DA:894,3
DA:898,3
DA:901,3
DA:903,3
DA:904,3
BRDA:904,50,0,-
BRDA:904,50,1,3
DA:905,3
DA:906,3
DA:907,3
BRDA:907,51,0,-
BRDA:907,51,1,3
FN:915,XenGame.WithdrawBurntKeyRewards
FNDA:0,XenGame.WithdrawBurntKeyRewards
DA:918,0
BRDA:918,52,0,-
BRDA:918,52,1,-
DA:921,0
BRDA:921,53,0,-
BRDA:921,53,1,-
DA:924,0
DA:927,0
DA:930,0
DA:931,0
DA:933,0
FN:941,XenGame.endRound
FNDA:2,XenGame.endRound
DA:943,2
DA:946,2
BRDA:946,54,0,-
BRDA:946,54,1,2
DA:949,2
DA:952,2
DA:953,2
DA:954,2
DA:955,2
DA:956,2
DA:959,2
DA:963,2
DA:966,2
DA:969,2
DA:971,2
DA:973,2
FN:979,XenGame.startNewRound
FNDA:2,XenGame.startNewRound
DA:981,2
DA:984,2
DA:987,2
DA:990,2
DA:993,2
DA:995,2
FN:998,XenGame.addPlayer
FNDA:11,XenGame.addPlayer
DA:999,11
BRDA:999,55,0,-
BRDA:999,55,1,11
DA:1000,11
DA:1002,11
DA:1003,11
DA:1004,11
FN:1007,XenGame.TransferOutAmount
FNDA:6,XenGame.TransferOutAmount
DA:1008,6
DA:1009,6
DA:1010,6
FN:1012,XenGame.pickRandomWinner
FNDA:0,XenGame.pickRandomWinner
DA:1015,0
DA:1021,0
DA:1022,0
DA:1024,0
FN:1034,XenGame.getPendingRewards
FNDA:0,XenGame.getPendingRewards
DA:1036,26
DA:1037,26
DA:1040,26
DA:1047,26
BRDA:1047,56,0,-
BRDA:1047,56,1,26
DA:1049,0
DA:1053,26
DA:1054,26
FN:1062,XenGame.getPlayerKeysCount
FNDA:14,XenGame.getPlayerKeysCount
DA:1063,66
DA:1065,66
BRDA:1065,57,0,18
BRDA:1065,57,1,48
DA:1067,18
DA:1068,18
DA:1070,18
DA:1072,18
DA:1074,48
FN:1078,XenGame.getPlayerName
FNDA:0,XenGame.getPlayerName
DA:1079,3
FN:1084,XenGame.getRoundTotalKeys
FNDA:35,XenGame.getRoundTotalKeys
DA:1085,35
FN:1088,XenGame.getRoundBurntKeys
FNDA:0,XenGame.getRoundBurntKeys
DA:1089,0
FN:1096,XenGame.getRoundEnd
FNDA:74,XenGame.getRoundEnd
DA:1097,74
FN:1100,XenGame.getRoundActivePlayer
FNDA:35,XenGame.getRoundActivePlayer
DA:1101,35
FN:1104,XenGame.getRoundEnded
FNDA:35,XenGame.getRoundEnded
DA:1105,35
FN:1108,XenGame.getRoundIsEarlyBuyin
FNDA:35,XenGame.getRoundIsEarlyBuyin
DA:1109,35
FN:1113,XenGame.getRoundJackpot
FNDA:35,XenGame.getRoundJackpot
DA:1114,35
FN:1117,XenGame.getRoundEarlyBuyinEth
FNDA:35,XenGame.getRoundEarlyBuyinEth
DA:1118,35
FN:1121,XenGame.getRoundLastKeyPrice
FNDA:35,XenGame.getRoundLastKeyPrice
DA:1122,35
FN:1125,XenGame.getIncreasePerKey
FNDA:0,XenGame.getIncreasePerKey
DA:1126,416
DA:1127,416
DA:1129,416
FN:1132,XenGame.getRoundRewardRatio
FNDA:35,XenGame.getRoundRewardRatio
DA:1133,35
FN:1136,XenGame.getRoundBurntKeyFunds
FNDA:0,XenGame.getRoundBurntKeyFunds
DA:1137,0
FN:1140,XenGame.getRoundUniquePlayers
FNDA:0,XenGame.getRoundUniquePlayers
DA:1141,0
FN:1144,XenGame.getRoundPlayerAddresses
FNDA:0,XenGame.getRoundPlayerAddresses
DA:1145,0
FN:1148,XenGame.getRoundIsPlayerInRound
FNDA:0,XenGame.getRoundIsPlayerInRound
DA:1149,0
FN:1152,XenGame.getPlayerInfo
FNDA:26,XenGame.getPlayerInfo
DA:1164,26
DA:1165,26
DA:1166,26
DA:1167,26
DA:1168,26
DA:1169,26
FN:1172,XenGame.getPlayerKeyCount
FNDA:0,XenGame.getPlayerKeyCount
DA:1173,0
FN:1176,XenGame.getPlayerBurntKeys
FNDA:0,XenGame.getPlayerBurntKeys
DA:1177,0
FN:1180,XenGame.getPlayerEarlyBuyinPoints
FNDA:0,XenGame.getPlayerEarlyBuyinPoints
DA:1181,0
FN:1184,XenGame.getPlayerReferralRewards
FNDA:0,XenGame.getPlayerReferralRewards
DA:1185,0
FN:1188,XenGame.getPlayerLastReferrer
FNDA:0,XenGame.getPlayerLastReferrer
DA:1189,0
FN:1192,XenGame.getlastRewardRatio
FNDA:0,XenGame.getlastRewardRatio
DA:1193,0
FN:1196,XenGame.getRoundStart
FNDA:15,XenGame.getRoundStart
DA:1197,15
FN:1200,XenGame.getRoundEarlyBuyin
FNDA:2,XenGame.getRoundEarlyBuyin
DA:1201,2
FN:1209,XenGame.getLastFivePlayers
FNDA:35,XenGame.getLastFivePlayers
DA:1210,35
FN:1212,XenGame.min
FNDA:18,XenGame.min
DA:1213,18
FN:1216,XenGame.max
FNDA:0,XenGame.max
DA:1217,0
FNF:60
FNH:35
LF:324
LH:285
BRF:116
BRH:88
end_of_record
TN:
SF:src/DeveloperSplitter.sol
FN:21,DeveloperSplitter.deposit
FNDA:45,DeveloperSplitter.deposit
FN:25,DeveloperSplitter.withdrawEther
FNDA:1,DeveloperSplitter.withdrawEther
DA:26,1
DA:27,1
BRDA:27,0,0,-
BRDA:27,0,1,1
DA:29,1
DA:35,1
DA:36,1
DA:37,1
FNF:2
FNH:2
LF:6
LH:6
BRF:2
BRH:1
end_of_record
TN:
SF:src/NFTRegistry.sol
FN:79,NFTRegistry.addToPool
FNDA:26,NFTRegistry.addToPool
DA:81,26
DA:82,26
DA:83,26
DA:84,26
FN:87,NFTRegistry.registerNFT
FNDA:89,NFTRegistry.registerNFT
DA:88,88
DA:89,88
BRDA:89,0,0,-
BRDA:89,0,1,88
DA:92,88
DA:95,88
DA:96,88
BRDA:96,1,0,1
BRDA:96,1,1,87
DA:97,87
BRDA:97,2,0,-
BRDA:97,2,1,-
DA:98,0
DA:100,0
DA:101,0
DA:104,0
DA:105,0
DA:106,0
DA:107,0
DA:110,0
DA:111,0
BRDA:111,3,0,-
BRDA:111,3,1,-
DA:113,0
DA:114,0
DA:117,0
DA:118,0
DA:123,0
DA:126,87
DA:128,87
BRDA:128,4,0,25
BRDA:128,4,1,87
DA:129,25
DA:134,87
DA:135,87
DA:136,87
DA:139,87
DA:143,87
BRDA:143,5,0,30
BRDA:143,5,1,87
DA:144,30
DA:145,30
DA:147,30
DA:150,87
FN:153,NFTRegistry.registerNFTs
FNDA:0,NFTRegistry.registerNFTs
DA:154,0
DA:155,0
DA:156,0
FN:161,NFTRegistry.isNFTRegistered
FNDA:0,NFTRegistry.isNFTRegistered
DA:162,0
DA:163,0
DA:164,0
DA:165,0
DA:166,0
BRDA:166,6,0,-
BRDA:166,6,1,-
DA:167,0
DA:170,0
FN:173,NFTRegistry.setNFTOwner
FNDA:87,NFTRegistry.setNFTOwner
DA:174,87
BRDA:174,7,0,-
BRDA:174,7,1,87
DA:177,87
DA:180,87
FN:183,NFTRegistry.getNFTOwner
FNDA:89,NFTRegistry.getNFTOwner
DA:184,177
FN:188,NFTRegistry.calculateReward
FNDA:0,NFTRegistry.calculateReward
DA:189,31
DA:190,31
DA:191,31
DA:192,31
DA:195,31
FN:198,NFTRegistry.withdrawRewards
FNDA:6,NFTRegistry.withdrawRewards
DA:199,31
DA:200,31
DA:201,31
BRDA:201,8,0,-
BRDA:201,8,1,31
DA:204,31
BRDA:204,9,0,-
BRDA:204,9,1,-
DA:205,0
DA:206,0
BRDA:206,10,0,-
BRDA:206,10,1,-
DA:208,0
DA:209,0
DA:211,0
DA:212,0
DA:214,0
DA:216,0
DA:221,31
DA:222,31
DA:223,31
DA:225,31
BRDA:225,11,0,-
BRDA:225,11,1,31
DA:228,31
DA:229,31
DA:232,31
DA:233,31
FN:236,NFTRegistry._isNFTOwner
FNDA:0,NFTRegistry._isNFTOwner
DA:237,89
DA:238,89
DA:240,89
FN:244,NFTRegistry.getTokenWeight
FNDA:159,NFTRegistry.getTokenWeight
DA:245,551
DA:247,551
FN:250,NFTRegistry.getTotalPointsForUserNFTs
FNDA:32,NFTRegistry.getTotalPointsForUserNFTs
DA:251,32
DA:252,32
DA:254,32
DA:255,38
DA:256,38
DA:257,38
DA:260,32
FN:263,NFTRegistry.getPendingReward
FNDA:20,NFTRegistry.getPendingReward
DA:264,20
DA:265,20
DA:266,20
DA:267,20
DA:268,20
DA:270,20
FN:273,NFTRegistry.getPointsFee
FNDA:88,NFTRegistry.getPointsFee
DA:274,177
DA:275,177
DA:277,177
FN:281,NFTRegistry._hasValidOwnership
FNDA:0,NFTRegistry._hasValidOwnership
DA:282,31
DA:283,31
DA:284,31
DA:285,31
DA:286,89
DA:287,89
BRDA:287,12,0,89
BRDA:287,12,1,-
DA:288,89
DA:290,0
DA:294,31
FN:297,NFTRegistry.TransferOutAmount
FNDA:31,NFTRegistry.TransferOutAmount
DA:298,31
DA:299,31
DA:300,31
FNF:15
FNH:10
LF:108
LH:75
BRF:26
BRH:11
end_of_record
TN:
SF:src/PlayerNameRegistry.sol
FN:25,PlayerNameRegistry.registerPlayerName
FNDA:11,PlayerNameRegistry.registerPlayerName
DA:26,11
BRDA:26,0,0,-
BRDA:26,0,1,11
DA:27,11
BRDA:27,1,0,-
BRDA:27,1,1,11
DA:28,11
BRDA:28,2,0,1
BRDA:28,2,1,10
DA:29,10
BRDA:29,3,0,1
BRDA:29,3,1,9
DA:31,9
DA:32,9
DA:34,9
DA:37,9
FN:40,PlayerNameRegistry.getPlayerFirstName
FNDA:10,PlayerNameRegistry.getPlayerFirstName
DA:41,10
DA:42,10
BRDA:42,4,0,-
BRDA:42,4,1,10
DA:43,10
FN:46,PlayerNameRegistry.getPlayerNames
FNDA:1,PlayerNameRegistry.getPlayerNames
DA:47,1
FN:50,PlayerNameRegistry.getPlayerAddress
FNDA:71,PlayerNameRegistry.getPlayerAddress
DA:51,71
FN:54,PlayerNameRegistry.distributeFunds
FNDA:12,PlayerNameRegistry.distributeFunds
DA:55,12
DA:56,12
BRDA:56,5,0,-
BRDA:56,5,1,12
DA:58,12
DA:59,12
DA:60,12
BRDA:60,6,0,-
BRDA:60,6,1,12
DA:62,12
DA:63,12
BRDA:63,7,0,-
BRDA:63,7,1,12
FN:66,PlayerNameRegistry.
FNDA:0,PlayerNameRegistry.
DA:67,0
FNF:6
FNH:5
LF:21
LH:20
BRF:16
BRH:10
end_of_record
TN:
SF:src/xenBurn.sol
FN:76,xenBurn.burnXenCrypto
FNDA:0,xenBurn.burnXenCrypto
DA:77,0
BRDA:77,0,0,-
BRDA:77,0,1,-
DA:79,0
DA:82,0
DA:83,0
BRDA:83,1,0,-
BRDA:83,1,1,-
DA:86,0
DA:87,0
FN:127,xenBurn.calculateExpectedBurnAmount
FNDA:0,xenBurn.calculateExpectedBurnAmount
DA:129,0
BRDA:129,2,0,-
BRDA:129,2,1,-
DA:130,0
DA:134,0
DA:137,0
DA:140,0
DA:142,0
FN:146,xenBurn.deposit
FNDA:18,xenBurn.deposit
DA:147,18
BRDA:147,3,0,-
BRDA:147,3,1,18
DA:148,18
FN:155,xenBurn.getPathForETHtoTOKEN
FNDA:0,xenBurn.getPathForETHtoTOKEN
FN:163,xenBurn.onTokenBurned
FNDA:0,xenBurn.onTokenBurned
DA:164,0
BRDA:164,4,0,-
BRDA:164,4,1,-
DA:167,0
DA:170,0
DA:171,0
DA:173,0
DA:174,0
DA:175,0
BRDA:175,5,0,-
BRDA:175,5,1,-
DA:178,0
DA:180,0
DA:183,0
FN:187,xenBurn.wasBurnSuccessful
FNDA:0,xenBurn.wasBurnSuccessful
DA:188,0
FN:191,xenBurn.supportsInterface
FNDA:0,xenBurn.supportsInterface
DA:192,0
FNF:7
FNH:1
LF:26
LH:2
BRF:12
BRH:1
end_of_record
