TN:
SF:src/DBXenGame.sol
FN:147,XenGame.buyWithReferral
FNDA:13,XenGame.buyWithReferral
DA:148,13
DA:151,13
DA:152,13
DA:154,13
DA:157,13
BRDA:157,0,0,13
BRDA:157,0,1,13
DA:159,13
DA:161,13
DA:163,13
DA:167,13
DA:168,13
DA:170,13
DA:172,13
BRDA:172,1,0,1
BRDA:172,1,1,13
DA:174,13
DA:177,13
DA:178,13
DA:180,13
BRDA:180,2,0,1
BRDA:180,2,1,13
DA:182,1
DA:185,13
DA:189,13
BRDA:189,3,0,10
BRDA:189,3,1,3
DA:190,10
DA:192,3
DA:196,12
FN:204,XenGame.buyCore
FNDA:3,XenGame.buyCore
DA:206,3
BRDA:206,4,0,-
BRDA:206,4,1,3
DA:208,3
DA:209,3
DA:212,3
BRDA:212,5,0,-
BRDA:212,5,1,-
DA:214,0
BRDA:214,6,0,-
BRDA:214,6,1,-
DA:215,0
DA:216,0
DA:217,0
DA:220,0
DA:221,0
DA:222,0
DA:223,0
DA:227,3
BRDA:227,7,0,3
BRDA:227,7,1,3
DA:228,3
BRDA:228,8,0,-
BRDA:228,8,1,3
DA:230,0
DA:231,3
BRDA:231,9,0,3
BRDA:231,9,1,3
DA:234,3
BRDA:234,10,0,3
BRDA:234,10,1,3
DA:235,3
DA:236,3
DA:241,3
DA:245,3
DA:248,3
BRDA:248,11,0,3
BRDA:248,11,1,3
DA:249,3
DA:253,3
DA:256,3
DA:259,3
FN:269,XenGame.buyCoreWithKeys
FNDA:10,XenGame.buyCoreWithKeys
DA:271,10
BRDA:271,12,0,1
BRDA:271,12,1,9
DA:273,9
DA:274,9
DA:276,9
BRDA:276,13,0,-
BRDA:276,13,1,-
DA:278,0
BRDA:278,14,0,-
BRDA:278,14,1,-
DA:279,0
DA:280,0
DA:281,0
DA:285,0
DA:286,0
DA:287,0
DA:288,0
DA:291,9
BRDA:291,15,0,3
BRDA:291,15,1,3
DA:293,9
BRDA:293,16,0,6
BRDA:293,16,1,3
DA:295,6
DA:296,3
BRDA:296,17,0,3
BRDA:296,17,1,3
DA:298,3
BRDA:298,18,0,2
BRDA:298,18,1,3
DA:299,2
DA:300,2
DA:306,3
DA:307,3
BRDA:307,19,0,-
BRDA:307,19,1,3
DA:311,3
DA:314,3
BRDA:314,20,0,3
BRDA:314,20,1,3
DA:315,3
DA:319,3
DA:322,3
DA:325,3
FN:335,XenGame.buyKeysWithRewards
FNDA:0,XenGame.buyKeysWithRewards
DA:337,0
BRDA:337,21,0,-
BRDA:337,21,1,-
DA:339,0
DA:342,0
DA:345,0
DA:351,0
DA:354,0
DA:356,0
BRDA:356,22,0,-
BRDA:356,22,1,-
DA:359,0
DA:362,0
DA:365,0
BRDA:365,23,0,-
BRDA:365,23,1,-
DA:367,0
DA:371,0
DA:373,0
DA:375,0
DA:377,0
BRDA:377,24,0,-
BRDA:377,24,1,-
DA:379,0
DA:382,0
DA:383,0
DA:385,0
BRDA:385,25,0,-
BRDA:385,25,1,-
DA:387,0
DA:390,0
DA:396,0
FN:403,XenGame.buyCoreEarly
FNDA:6,XenGame.buyCoreEarly
DA:407,6
DA:410,6
BRDA:410,26,0,6
BRDA:410,26,1,6
DA:411,6
DA:415,6
DA:418,6
DA:421,6
DA:424,6
DA:427,6
FN:432,XenGame.
FNDA:0,XenGame.
DA:435,0
BRDA:435,27,0,-
BRDA:435,27,1,-
DA:436,0
DA:437,0
DA:441,0
FN:462,XenGame.isRoundActive
FNDA:0,XenGame.isRoundActive
DA:463,25
DA:464,25
FN:471,XenGame.isRoundEnded
FNDA:0,XenGame.isRoundEnded
DA:472,13
DA:473,13
FN:480,XenGame.updateTotalKeysForRound
FNDA:5,XenGame.updateTotalKeysForRound
DA:482,5
BRDA:482,28,0,5
BRDA:482,28,1,-
DA:484,5
DA:489,0
FN:496,XenGame.finalizeEarlyBuyinPeriod
FNDA:5,XenGame.finalizeEarlyBuyinPeriod
DA:498,5
DA:500,5
DA:503,5
BRDA:503,29,0,5
BRDA:503,29,1,-
DA:504,5
DA:506,0
DA:512,5
FN:521,XenGame.calculateMaxKeysToPurchase
FNDA:0,XenGame.calculateMaxKeysToPurchase
DA:523,3
DA:526,3
BRDA:526,30,0,-
BRDA:526,30,1,3
DA:527,0
DA:532,3
DA:533,3
DA:536,3
DA:539,51
DA:541,51
DA:544,51
DA:546,51
DA:549,51
BRDA:549,31,0,51
BRDA:549,31,1,51
DA:551,51
DA:557,51
BRDA:557,32,0,3
BRDA:557,32,1,48
DA:558,3
DA:559,3
DA:560,48
BRDA:560,33,0,18
BRDA:560,33,1,30
DA:561,18
DA:563,30
DA:568,3
BRDA:568,34,0,-
BRDA:568,34,1,3
DA:569,0
DA:573,3
DA:576,3
FN:584,XenGame.calculatePriceForKeys
FNDA:0,XenGame.calculatePriceForKeys
DA:585,108
DA:586,108
DA:589,108
BRDA:589,35,0,-
BRDA:589,35,1,108
DA:590,0
DA:592,108
DA:593,108
DA:596,108
FN:604,XenGame.processKeyPurchase
FNDA:6,XenGame.processKeyPurchase
DA:606,6
BRDA:606,36,0,-
BRDA:606,36,1,6
DA:607,6
BRDA:607,37,0,-
BRDA:607,37,1,6
DA:610,6
DA:611,6
DA:614,6
DA:617,6
DA:620,6
DA:623,6
DA:624,6
DA:625,6
DA:628,6
DA:631,6
DA:633,6
BRDA:633,38,0,3
BRDA:633,38,1,6
DA:634,3
DA:637,6
FN:645,XenGame.BurnKeys
FNDA:1,XenGame.BurnKeys
DA:648,1
BRDA:648,39,0,1
BRDA:648,39,1,1
DA:649,1
DA:652,1
DA:655,1
DA:656,1
DA:657,1
DA:660,1
FN:667,XenGame.checkForEarlyKeys
FNDA:7,XenGame.checkForEarlyKeys
DA:670,7
BRDA:670,40,0,1
BRDA:670,40,1,7
DA:673,1
DA:674,1
DA:675,1
DA:678,1
DA:681,1
FN:689,XenGame.adjustRoundEndTime
FNDA:6,XenGame.adjustRoundEndTime
DA:691,6
DA:694,6
DA:697,6
FN:704,XenGame.getKeyPrice
FNDA:0,XenGame.getKeyPrice
DA:705,111
DA:708,111
DA:711,111
BRDA:711,41,0,-
BRDA:711,41,1,111
DA:712,0
DA:714,111
FN:724,XenGame.updateRoundRatio
FNDA:6,XenGame.updateRoundRatio
DA:727,6
FN:734,XenGame.distributeFunds
FNDA:6,XenGame.distributeFunds
DA:736,6
DA:737,6
DA:740,6
BRDA:740,42,0,6
BRDA:740,42,1,6
DA:741,6
DA:745,6
DA:746,6
DA:749,6
DA:752,6
DA:755,6
DA:758,6
DA:761,6
DA:764,6
DA:767,6
DA:770,6
FN:779,XenGame.registerPlayerName
FNDA:0,XenGame.registerPlayerName
DA:781,0
BRDA:781,43,0,-
BRDA:781,43,1,-
DA:784,0
DA:786,0
FN:794,XenGame.registerNFT
FNDA:0,XenGame.registerNFT
DA:796,0
BRDA:796,44,0,-
BRDA:796,44,1,-
DA:799,0
FN:806,XenGame.processRewards
FNDA:6,XenGame.processRewards
DA:808,6
DA:811,6
DA:814,6
BRDA:814,45,0,-
BRDA:814,45,1,6
DA:816,0
DA:822,0
DA:825,0
FN:833,XenGame.withdrawRewards
FNDA:1,XenGame.withdrawRewards
DA:836,1
DA:839,1
DA:842,1
DA:845,1
DA:851,1
DA:854,1
DA:857,1
DA:860,1
BRDA:860,46,0,1
BRDA:860,46,1,1
DA:861,1
DA:866,1
BRDA:866,47,0,-
BRDA:866,47,1,1
DA:868,1
DA:870,1
FN:876,XenGame.withdrawReferralRewards
FNDA:0,XenGame.withdrawReferralRewards
DA:879,0
DA:880,0
BRDA:880,48,0,-
BRDA:880,48,1,-
DA:883,0
DA:884,0
BRDA:884,49,0,-
BRDA:884,49,1,-
DA:887,0
DA:890,0
DA:893,0
DA:895,0
DA:897,0
DA:898,0
BRDA:898,50,0,-
BRDA:898,50,1,-
DA:899,0
DA:900,0
DA:901,0
BRDA:901,51,0,-
BRDA:901,51,1,-
FN:909,XenGame.WithdrawBurntKeyRewards
FNDA:0,XenGame.WithdrawBurntKeyRewards
DA:912,0
BRDA:912,52,0,-
BRDA:912,52,1,-
DA:915,0
BRDA:915,53,0,-
BRDA:915,53,1,-
DA:918,0
DA:921,0
DA:924,0
DA:925,0
DA:927,0
FN:935,XenGame.endRound
FNDA:0,XenGame.endRound
DA:937,0
DA:940,0
BRDA:940,54,0,-
BRDA:940,54,1,-
DA:943,0
DA:946,0
DA:947,0
DA:948,0
DA:949,0
DA:950,0
DA:953,0
DA:957,0
DA:960,0
DA:963,0
DA:965,0
DA:967,0
FN:973,XenGame.startNewRound
FNDA:0,XenGame.startNewRound
DA:975,0
DA:978,0
DA:981,0
DA:984,0
DA:987,0
DA:989,0
FN:992,XenGame.addPlayer
FNDA:3,XenGame.addPlayer
DA:993,3
BRDA:993,55,0,-
BRDA:993,55,1,3
DA:994,3
DA:996,3
DA:997,3
DA:998,3
FN:1001,XenGame.pickRandomWinner
FNDA:0,XenGame.pickRandomWinner
DA:1004,0
DA:1010,0
DA:1011,0
DA:1013,0
FN:1023,XenGame.getPendingRewards
FNDA:0,XenGame.getPendingRewards
DA:1025,8
DA:1026,8
DA:1029,8
DA:1036,8
BRDA:1036,56,0,-
BRDA:1036,56,1,8
DA:1038,0
DA:1042,8
DA:1043,8
FN:1051,XenGame.getPlayerKeysCount
FNDA:6,XenGame.getPlayerKeysCount
DA:1052,22
DA:1054,22
BRDA:1054,57,0,6
BRDA:1054,57,1,16
DA:1056,6
DA:1057,6
DA:1059,6
DA:1061,6
DA:1063,16
FN:1067,XenGame.getPlayerName
FNDA:0,XenGame.getPlayerName
DA:1068,0
FN:1073,XenGame.getRoundTotalKeys
FNDA:12,XenGame.getRoundTotalKeys
DA:1074,12
FN:1077,XenGame.getRoundBurntKeys
FNDA:0,XenGame.getRoundBurntKeys
DA:1078,0
FN:1085,XenGame.getRoundEnd
FNDA:24,XenGame.getRoundEnd
DA:1086,24
FN:1089,XenGame.getRoundActivePlayer
FNDA:12,XenGame.getRoundActivePlayer
DA:1090,12
FN:1093,XenGame.getRoundEnded
FNDA:12,XenGame.getRoundEnded
DA:1094,12
FN:1097,XenGame.getRoundIsEarlyBuyin
FNDA:12,XenGame.getRoundIsEarlyBuyin
DA:1098,12
FN:1102,XenGame.getRoundJackpot
FNDA:12,XenGame.getRoundJackpot
DA:1103,12
FN:1106,XenGame.getRoundEarlyBuyinEth
FNDA:12,XenGame.getRoundEarlyBuyinEth
DA:1107,12
FN:1110,XenGame.getRoundLastKeyPrice
FNDA:12,XenGame.getRoundLastKeyPrice
DA:1111,12
FN:1114,XenGame.getRoundRewardRatio
FNDA:12,XenGame.getRoundRewardRatio
DA:1115,12
FN:1118,XenGame.getRoundBurntKeyFunds
FNDA:0,XenGame.getRoundBurntKeyFunds
DA:1119,0
FN:1122,XenGame.getRoundUniquePlayers
FNDA:0,XenGame.getRoundUniquePlayers
DA:1123,0
FN:1126,XenGame.getRoundPlayerAddresses
FNDA:0,XenGame.getRoundPlayerAddresses
DA:1127,0
FN:1130,XenGame.getRoundIsPlayerInRound
FNDA:0,XenGame.getRoundIsPlayerInRound
DA:1131,0
FN:1134,XenGame.getPlayerInfo
FNDA:8,XenGame.getPlayerInfo
DA:1146,8
DA:1147,8
DA:1148,8
DA:1149,8
DA:1150,8
DA:1151,8
FN:1154,XenGame.getPlayerKeyCount
FNDA:0,XenGame.getPlayerKeyCount
DA:1155,0
FN:1158,XenGame.getPlayerBurntKeys
FNDA:0,XenGame.getPlayerBurntKeys
DA:1159,0
FN:1162,XenGame.getPlayerEarlyBuyinPoints
FNDA:0,XenGame.getPlayerEarlyBuyinPoints
DA:1163,0
FN:1166,XenGame.getPlayerReferralRewards
FNDA:0,XenGame.getPlayerReferralRewards
DA:1167,0
FN:1170,XenGame.getPlayerLastReferrer
FNDA:0,XenGame.getPlayerLastReferrer
DA:1171,0
FN:1174,XenGame.getlastRewardRatio
FNDA:0,XenGame.getlastRewardRatio
DA:1175,0
FN:1178,XenGame.getRoundStart
FNDA:6,XenGame.getRoundStart
DA:1179,6
FN:1182,XenGame.getRoundEarlyBuyin
FNDA:1,XenGame.getRoundEarlyBuyin
DA:1183,1
FN:1191,XenGame.getLastFivePlayers
FNDA:12,XenGame.getLastFivePlayers
DA:1192,12
FN:1194,XenGame.min
FNDA:6,XenGame.min
DA:1195,6
FN:1198,XenGame.max
FNDA:0,XenGame.max
DA:1199,0
FNF:58
FNH:30
LF:320
LH:205
BRF:116
BRH:63
end_of_record
TN:
SF:src/DeveloperSplitter.sol
FN:21,DeveloperSplitter.deposit
FNDA:13,DeveloperSplitter.deposit
FN:25,DeveloperSplitter.withdrawEther
FNDA:0,DeveloperSplitter.withdrawEther
DA:26,0
DA:27,0
BRDA:27,0,0,-
BRDA:27,0,1,-
DA:29,0
DA:31,0
DA:32,0
DA:33,0
FNF:2
FNH:1
LF:6
LH:0
BRF:2
BRH:0
end_of_record
TN:
SF:src/NFTRegistry.sol
FN:79,NFTRegistry.addToPool
FNDA:12,NFTRegistry.addToPool
DA:81,12
DA:82,12
DA:83,12
DA:84,12
FN:87,NFTRegistry.registerNFT
FNDA:89,NFTRegistry.registerNFT
DA:88,88
DA:89,88
BRDA:89,0,0,-
BRDA:89,0,1,88
DA:92,88
DA:95,88
DA:96,88
BRDA:96,1,0,1
BRDA:96,1,1,87
DA:97,87
BRDA:97,2,0,-
BRDA:97,2,1,-
DA:98,0
DA:100,0
DA:101,0
DA:104,0
DA:105,0
DA:106,0
DA:107,0
DA:110,0
DA:111,0
BRDA:111,3,0,-
BRDA:111,3,1,-
DA:113,0
DA:114,0
DA:117,0
DA:118,0
DA:123,0
DA:126,87
DA:128,87
BRDA:128,4,0,25
BRDA:128,4,1,87
DA:129,25
DA:134,87
DA:135,87
DA:136,87
DA:139,87
DA:143,87
BRDA:143,5,0,30
BRDA:143,5,1,87
DA:144,30
DA:145,30
DA:147,30
DA:150,87
FN:153,NFTRegistry.registerNFTs
FNDA:0,NFTRegistry.registerNFTs
DA:154,0
DA:155,0
DA:156,0
FN:161,NFTRegistry.isNFTRegistered
FNDA:0,NFTRegistry.isNFTRegistered
DA:162,0
DA:163,0
DA:164,0
DA:165,0
DA:166,0
BRDA:166,6,0,-
BRDA:166,6,1,-
DA:167,0
DA:170,0
FN:173,NFTRegistry.setNFTOwner
FNDA:87,NFTRegistry.setNFTOwner
DA:174,87
BRDA:174,7,0,-
BRDA:174,7,1,87
DA:177,87
DA:180,87
FN:183,NFTRegistry.getNFTOwner
FNDA:89,NFTRegistry.getNFTOwner
DA:184,177
FN:188,NFTRegistry.calculateReward
FNDA:0,NFTRegistry.calculateReward
DA:189,31
DA:190,31
DA:191,31
DA:192,31
DA:195,31
FN:198,NFTRegistry.withdrawRewards
FNDA:6,NFTRegistry.withdrawRewards
DA:199,31
DA:200,31
DA:201,31
BRDA:201,8,0,-
BRDA:201,8,1,31
DA:204,31
BRDA:204,9,0,-
BRDA:204,9,1,-
DA:205,0
DA:206,0
BRDA:206,10,0,-
BRDA:206,10,1,-
DA:208,0
DA:209,0
DA:211,0
DA:212,0
DA:214,0
DA:216,0
DA:221,31
DA:222,31
DA:223,31
DA:225,31
BRDA:225,11,0,-
BRDA:225,11,1,31
DA:228,31
DA:229,31
DA:232,31
DA:233,31
FN:236,NFTRegistry._isNFTOwner
FNDA:0,NFTRegistry._isNFTOwner
DA:237,89
DA:238,89
DA:240,89
FN:244,NFTRegistry.getTokenWeight
FNDA:159,NFTRegistry.getTokenWeight
DA:245,551
DA:247,551
FN:250,NFTRegistry.getTotalPointsForUserNFTs
FNDA:32,NFTRegistry.getTotalPointsForUserNFTs
DA:251,32
DA:252,32
DA:254,32
DA:255,38
DA:256,38
DA:257,38
DA:260,32
FN:263,NFTRegistry.getPendingReward
FNDA:20,NFTRegistry.getPendingReward
DA:264,20
DA:265,20
DA:266,20
DA:267,20
DA:268,20
DA:270,20
FN:273,NFTRegistry.getPointsFee
FNDA:88,NFTRegistry.getPointsFee
DA:274,177
DA:275,177
DA:277,177
FN:281,NFTRegistry._hasValidOwnership
FNDA:0,NFTRegistry._hasValidOwnership
DA:282,31
DA:283,31
DA:284,31
DA:285,31
DA:286,89
DA:287,89
BRDA:287,12,0,89
BRDA:287,12,1,-
DA:288,89
DA:290,0
DA:294,31
FNF:14
FNH:9
LF:105
LH:72
BRF:26
BRH:11
end_of_record
TN:
SF:src/PlayerNameRegistry.sol
FN:25,PlayerNameRegistry.registerPlayerName
FNDA:8,PlayerNameRegistry.registerPlayerName
DA:26,8
BRDA:26,0,0,-
BRDA:26,0,1,8
DA:27,8
BRDA:27,1,0,-
BRDA:27,1,1,8
DA:28,8
BRDA:28,2,0,1
BRDA:28,2,1,7
DA:29,7
BRDA:29,3,0,1
BRDA:29,3,1,6
DA:31,6
DA:32,6
DA:34,6
DA:37,6
FN:40,PlayerNameRegistry.getPlayerFirstName
FNDA:4,PlayerNameRegistry.getPlayerFirstName
DA:41,4
DA:42,4
BRDA:42,4,0,-
BRDA:42,4,1,4
DA:43,4
FN:46,PlayerNameRegistry.getPlayerNames
FNDA:1,PlayerNameRegistry.getPlayerNames
DA:47,1
FN:50,PlayerNameRegistry.getPlayerAddress
FNDA:25,PlayerNameRegistry.getPlayerAddress
DA:51,25
FN:54,PlayerNameRegistry.distributeFunds
FNDA:6,PlayerNameRegistry.distributeFunds
DA:55,6
DA:56,6
BRDA:56,5,0,-
BRDA:56,5,1,6
DA:58,6
DA:59,6
DA:60,6
BRDA:60,6,0,-
BRDA:60,6,1,6
DA:62,6
DA:63,6
BRDA:63,7,0,-
BRDA:63,7,1,6
FN:66,PlayerNameRegistry.
FNDA:0,PlayerNameRegistry.
DA:67,0
FNF:6
FNH:5
LF:21
LH:20
BRF:16
BRH:10
end_of_record
TN:
SF:src/xenBurn.sol
FN:76,xenBurn.burnXenCrypto
FNDA:0,xenBurn.burnXenCrypto
DA:77,0
BRDA:77,0,0,-
BRDA:77,0,1,-
DA:79,0
DA:82,0
DA:83,0
BRDA:83,1,0,-
BRDA:83,1,1,-
DA:86,0
DA:87,0
FN:127,xenBurn.calculateExpectedBurnAmount
FNDA:0,xenBurn.calculateExpectedBurnAmount
DA:129,0
BRDA:129,2,0,-
BRDA:129,2,1,-
DA:130,0
DA:134,0
DA:137,0
DA:140,0
DA:142,0
FN:146,xenBurn.deposit
FNDA:6,xenBurn.deposit
DA:147,6
BRDA:147,3,0,-
BRDA:147,3,1,6
DA:148,6
FN:155,xenBurn.getPathForETHtoTOKEN
FNDA:0,xenBurn.getPathForETHtoTOKEN
FN:163,xenBurn.onTokenBurned
FNDA:0,xenBurn.onTokenBurned
DA:164,0
BRDA:164,4,0,-
BRDA:164,4,1,-
DA:167,0
DA:170,0
DA:171,0
DA:173,0
DA:174,0
DA:175,0
BRDA:175,5,0,-
BRDA:175,5,1,-
DA:178,0
DA:180,0
DA:183,0
FN:187,xenBurn.wasBurnSuccessful
FNDA:0,xenBurn.wasBurnSuccessful
DA:188,0
FN:191,xenBurn.supportsInterface
FNDA:0,xenBurn.supportsInterface
DA:192,0
FNF:7
FNH:1
LF:26
LH:2
BRF:12
BRH:1
end_of_record
